2018-05-26 08:17:24,454,INFO,Motor profile is created with :380V and 2A
2018-05-26 08:17:24,454,INFO,Motor profile is created with :220V and 1.4A
2018-05-26 08:17:27,613,INFO,Motor profile is created with :380V and 2A
2018-05-26 08:17:27,613,INFO,Motor profile is created with :220V and 1.4A
2018-05-26 08:17:27,765,INFO,Motor profile is created with :380V and 2A
2018-05-26 08:17:27,765,INFO,Motor profile is created with :220V and 1.4A
2018-05-26 08:17:27,932,INFO,Motor profile is created with :380V and 2A
2018-05-26 08:17:27,932,INFO,Motor profile is created with :220V and 1.4A
2018-05-26 08:17:28,097,INFO,Motor profile is created with :380V and 2A
2018-05-26 08:17:28,097,INFO,Motor profile is created with :220V and 1.4A
2018-05-26 08:17:28,279,INFO,Motor profile is created with :380V and 2A
2018-05-26 08:17:28,279,INFO,Motor profile is created with :220V and 1.4A
2018-05-26 08:17:28,429,INFO,Motor profile is created with :380V and 2A
2018-05-26 08:17:28,429,INFO,Motor profile is created with :220V and 1.4A
2018-05-26 08:18:39,192__main__,INFO,Motor profile is created with :380V and 2A
2018-05-26 08:18:39,192__main__,INFO,Motor profile is created with :220V and 1.4A
2018-05-26 08:18:39,319__main__,INFO,Motor profile is created with :380V and 2A
2018-05-26 08:18:39,319__main__,INFO,Motor profile is created with :220V and 1.4A
2018-05-26 08:18:39,500__main__,INFO,Motor profile is created with :380V and 2A
2018-05-26 08:18:39,500__main__,INFO,Motor profile is created with :220V and 1.4A
2018-05-26 08:18:39,642__main__,INFO,Motor profile is created with :380V and 2A
2018-05-26 08:18:39,642__main__,INFO,Motor profile is created with :220V and 1.4A
2018-05-26 08:18:39,807__main__,INFO,Motor profile is created with :380V and 2A
2018-05-26 08:18:39,807__main__,INFO,Motor profile is created with :220V and 1.4A
2018-05-26 08:19:05,244,__main__,INFO,Motor profile is created with :380V and 2A
2018-05-26 08:19:05,244,__main__,INFO,Motor profile is created with :220V and 1.4A
2018-05-26 08:19:05,378,__main__,INFO,Motor profile is created with :380V and 2A
2018-05-26 08:19:05,378,__main__,INFO,Motor profile is created with :220V and 1.4A
2018-05-26 08:19:05,511,__main__,INFO,Motor profile is created with :380V and 2A
2018-05-26 08:19:05,511,__main__,INFO,Motor profile is created with :220V and 1.4A
2018-05-26 08:19:05,672,__main__,INFO,Motor profile is created with :380V and 2A
2018-05-26 08:19:05,672,__main__,INFO,Motor profile is created with :220V and 1.4A
2018-05-26 08:19:05,817,__main__,INFO,Motor profile is created with :380V and 2A
2018-05-26 08:19:05,817,__main__,INFO,Motor profile is created with :220V and 1.4A
2018-05-26 08:22:09,314,loggingAdv2,INFO,Motor profile is created with :380V and 2A
2018-05-26 08:22:09,315,loggingAdv2,INFO,Motor profile is created with :220V and 1.4A
2018-05-26 08:22:09,460,loggingAdv2,INFO,Motor profile is created with :380V and 2A
2018-05-26 08:22:09,460,loggingAdv2,INFO,Motor profile is created with :220V and 1.4A
2018-05-26 08:22:09,608,loggingAdv2,INFO,Motor profile is created with :380V and 2A
2018-05-26 08:22:09,609,loggingAdv2,INFO,Motor profile is created with :220V and 1.4A
2018-05-26 08:22:09,737,loggingAdv2,INFO,Motor profile is created with :380V and 2A
2018-05-26 08:22:09,737,loggingAdv2,INFO,Motor profile is created with :220V and 1.4A
2018-05-26 08:25:12,937,loggingAdv2,INFO,Motor profile is created with :380V and 2A
2018-05-26 08:25:12,937,loggingAdv2,INFO,Motor profile is created with :380V and 2A
2018-05-26 08:25:12,937,loggingAdv2,INFO,Motor profile is created with :380V and 2A
2018-05-26 08:25:12,937,loggingAdv2,INFO,Motor profile is created with :380V and 2A
2018-05-26 08:25:12,952,loggingAdv2,INFO,Motor profile is created with :220V and 1.4A
2018-05-26 08:25:13,070,loggingAdv2,INFO,Motor profile is created with :380V and 2A
2018-05-26 08:25:13,070,loggingAdv2,INFO,Motor profile is created with :220V and 1.4A
2018-05-26 08:29:27,154,loggingAdv2,INFO,Motor profile is created with :380V and 2A
2018-05-26 08:29:27,167,loggingAdv2,INFO,Motor profile is created with :220V and 1.4A
2018-05-26 08:29:37,575,loggingAdv2,INFO,Motor profile is created with :380V and 2A
2018-05-26 08:29:37,575,loggingAdv2,INFO,Motor profile is created with :220V and 1.4A
2018-05-26 08:30:02,146,loggingAdv2,INFO,Motor profile is created with :380V and 2A
2018-05-26 08:30:02,146,loggingAdv2,INFO,Motor profile is created with :220V and 1.4A
2018-05-26 08:30:41,572,loggingAdv2,INFO,Motor profile is created with :380V and 2A
2018-05-26 08:30:41,572,loggingAdv2,INFO,Motor profile is created with :380V and 2A
2018-05-26 08:30:41,572,loggingAdv2,INFO,Motor profile is created with :380V and 2A
2018-05-26 08:30:41,573,loggingAdv2,INFO,Motor profile is created with :380V and 2A
2018-05-26 08:30:41,586,loggingAdv2,INFO,Motor profile is created with :220V and 1.4A
2018-05-26 08:30:48,141,loggingAdv2,INFO,Motor profile is created with :380V and 2A
2018-05-26 08:30:48,141,loggingAdv2,INFO,Motor profile is created with :220V and 1.4A
2018-05-26 08:32:27,117,loggingAdv2,INFO,Motor profile is created with :380V and 2A
2018-05-26 08:32:27,117,loggingAdv2,INFO,Motor profile is created with :220V and 1.4A
2018-05-26 08:32:27,277,loggingAdv2,INFO,Motor profile is created with :380V and 2A
2018-05-26 08:32:27,277,loggingAdv2,INFO,Motor profile is created with :220V and 1.4A
2018-05-26 08:32:27,457,loggingAdv2,INFO,Motor profile is created with :380V and 2A
2018-05-26 08:32:27,457,loggingAdv2,INFO,Motor profile is created with :220V and 1.4A
2018-05-26 08:32:27,638,loggingAdv2,INFO,Motor profile is created with :380V and 2A
2018-05-26 08:32:27,638,loggingAdv2,INFO,Motor profile is created with :220V and 1.4A
2018-05-26 08:32:27,857,loggingAdv2,INFO,Motor profile is created with :380V and 2A
2018-05-26 08:32:27,857,loggingAdv2,INFO,Motor profile is created with :220V and 1.4A
2018-05-26 08:32:28,438,loggingAdv2,INFO,Motor profile is created with :380V and 2A
2018-05-26 08:32:28,438,loggingAdv2,INFO,Motor profile is created with :220V and 1.4A
2018-05-26 08:32:35,280,loggingAdv2,INFO,Motor profile is created with :380V and 2A
2018-05-26 08:32:35,281,loggingAdv2,INFO,Motor profile is created with :220V and 1.4A
2018-05-26 08:33:54,385,loggingAdv2,INFO,Motor profile is created with :380V and 2A
2018-05-26 08:33:54,542,loggingAdv2,INFO,Motor profile is created with :220V and 1.4A
2018-05-26 08:33:56,927,loggingAdv2,INFO,Motor profile is created with :380V and 2A
2018-05-26 08:33:56,928,loggingAdv2,INFO,Motor profile is created with :220V and 1.4A
2018-05-26 08:34:18,140,loggingAdv2,INFO,Motor profile is created with :380V and 2A
2018-05-26 08:34:18,160,loggingAdv2,INFO,Motor profile is created with :220V and 1.4A
2018-05-26 08:34:21,496,loggingAdv2,INFO,Motor profile is created with :380V and 2A
2018-05-26 08:34:21,496,loggingAdv2,INFO,Motor profile is created with :220V and 1.4A
